c:\users\320052456\documents\bootcamp\casestudy1\rulesbasedalertingsystem\rulesbasedalertingsystem.host\debug\vc140.pdb
c:\users\320052456\documents\bootcamp\casestudy1\rulesbasedalertingsystem\rulesbasedalertingsystem.host\debug\vc140.idb
c:\users\320052456\documents\bootcamp\casestudy1\rulesbasedalertingsystem\rulesbasedalertingsystem.host\debug\rulesbasedalertingsystem.host.obj
c:\users\320052456\documents\bootcamp\casestudy1\rulesbasedalertingsystem\rulesbasedalertingsystem.host\debug\stdafx.obj
c:\users\320052456\documents\bootcamp\casestudy1\rulesbasedalertingsystem\debug\rulesbasedalertingsystem.host.ilk
c:\users\320052456\documents\bootcamp\casestudy1\rulesbasedalertingsystem\debug\rulesbasedalertingsystem.host.exe
c:\users\320052456\documents\bootcamp\casestudy1\rulesbasedalertingsystem\debug\rulesbasedalertingsystem.host.pdb
c:\users\320052453\rulesbasedalerting\rulesbasedalertingsystem\rulesbasedalertingsystem.host\debug\rulesbasedalertingsystem.host.obj
c:\users\320052453\rulesbasedalerting\rulesbasedalertingsystem\rulesbasedalertingsystem.host\debug\stdafx.obj
c:\users\320052453\rulesbasedalerting\rulesbasedalertingsystem\rulesbasedalertingsystem.host\debug\vc140.idb
c:\users\320052453\rulesbasedalerting\rulesbasedalertingsystem\rulesbasedalertingsystem.host\debug\vc140.pdb
c:\users\320052453\rulesbasedalerting\rulesbasedalertingsystem\debug\rulesbasedalertingsystem.host.pdb
c:\users\320052453\rulesbasedalerting\rulesbasedalertingsystem\debug\rulesbasedalertingsystem.host.exe
c:\users\320052453\rulesbasedalerting\rulesbasedalertingsystem\debug\rulesbasedalertingsystem.host.ilk
c:\users\320052453\rulesbasedalerting\rulesbasedalertingsystem\rulesbasedalertingsystem.host\debug\rulesbas.dba79656.tlog\cl.command.1.tlog
c:\users\320052453\rulesbasedalerting\rulesbasedalertingsystem\rulesbasedalertingsystem.host\debug\rulesbas.dba79656.tlog\cl.read.1.tlog
c:\users\320052453\rulesbasedalerting\rulesbasedalertingsystem\rulesbasedalertingsystem.host\debug\rulesbas.dba79656.tlog\cl.write.1.tlog
c:\users\320052453\rulesbasedalerting\rulesbasedalertingsystem\rulesbasedalertingsystem.host\debug\rulesbas.dba79656.tlog\link.command.1.tlog
c:\users\320052453\rulesbasedalerting\rulesbasedalertingsystem\rulesbasedalertingsystem.host\debug\rulesbas.dba79656.tlog\link.read.1.tlog
c:\users\320052453\rulesbasedalerting\rulesbasedalertingsystem\rulesbasedalertingsystem.host\debug\rulesbas.dba79656.tlog\link.write.1.tlog
