c:\users\320052453\desktop\rulesbasedalertingsystem\rulesbasedalertingsystem\rulesbasedalertingsystem\rulesbasedalertingsystem\x64\debug\rulesbasedalertingsystem.pdb
c:\users\320052453\desktop\rulesbasedalertingsystem\rulesbasedalertingsystem\rulesbasedalertingsystem\rulesbasedalertingsystem\x64\debug\rulesbasedalertingsystem.idb
c:\users\320052453\desktop\rulesbasedalertingsystem\rulesbasedalertingsystem\rulesbasedalertingsystem\rulesbasedalertingsystem\x64\debug\alertingsystemmodes.obj
c:\users\320052453\desktop\rulesbasedalertingsystem\rulesbasedalertingsystem\rulesbasedalertingsystem\rulesbasedalertingsystem\x64\debug\alertingunit.obj
c:\users\320052453\desktop\rulesbasedalertingsystem\rulesbasedalertingsystem\rulesbasedalertingsystem\rulesbasedalertingsystem\x64\debug\alertprocessingunit.obj
c:\users\320052453\desktop\rulesbasedalertingsystem\rulesbasedalertingsystem\rulesbasedalertingsystem\rulesbasedalertingsystem\x64\debug\deviceregistrationunit.obj
c:\users\320052453\desktop\rulesbasedalertingsystem\rulesbasedalertingsystem\rulesbasedalertingsystem\rulesbasedalertingsystem\x64\debug\devicerepository.obj
c:\users\320052453\desktop\rulesbasedalertingsystem\rulesbasedalertingsystem\rulesbasedalertingsystem\rulesbasedalertingsystem\x64\debug\consoleinputoutput.obj
c:\users\320052453\desktop\rulesbasedalertingsystem\rulesbasedalertingsystem\rulesbasedalertingsystem\rulesbasedalertingsystem\x64\debug\json11.obj
c:\users\320052453\desktop\rulesbasedalertingsystem\rulesbasedalertingsystem\rulesbasedalertingsystem\rulesbasedalertingsystem\x64\debug\patientregistrationunit.obj
c:\users\320052453\desktop\rulesbasedalertingsystem\rulesbasedalertingsystem\rulesbasedalertingsystem\rulesbasedalertingsystem\x64\debug\patientrepository.obj
c:\users\320052453\desktop\rulesbasedalertingsystem\rulesbasedalertingsystem\rulesbasedalertingsystem\rulesbasedalertingsystem\x64\debug\receiverunit.obj
c:\users\320052453\desktop\rulesbasedalertingsystem\rulesbasedalertingsystem\rulesbasedalertingsystem\rulesbasedalertingsystem\x64\debug\sharedqueue.obj
c:\users\320052453\desktop\rulesbasedalertingsystem\rulesbasedalertingsystem\rulesbasedalertingsystem\rulesbasedalertingsystem\x64\debug\vitalsrepository.obj
c:\users\320052453\desktop\rulesbasedalertingsystem\rulesbasedalertingsystem\rulesbasedalertingsystem\x64\debug\rulesbasedalertingsystem.lib
c:\users\320052453\desktop\rulesbasedalertingsystem\rulesbasedalertingsystem\rulesbasedalertingsystem\x64\debug\rulesbasedalertingsystem.pdb
c:\users\320052453\desktop\rulesbasedalertingsystem\rulesbasedalertingsystem\rulesbasedalertingsystem\rulesbasedalertingsystem\x64\debug\rulesbas.e4983d53.tlog\cl.command.1.tlog
c:\users\320052453\desktop\rulesbasedalertingsystem\rulesbasedalertingsystem\rulesbasedalertingsystem\rulesbasedalertingsystem\x64\debug\rulesbas.e4983d53.tlog\cl.read.1.tlog
c:\users\320052453\desktop\rulesbasedalertingsystem\rulesbasedalertingsystem\rulesbasedalertingsystem\rulesbasedalertingsystem\x64\debug\rulesbas.e4983d53.tlog\cl.write.1.tlog
c:\users\320052453\desktop\rulesbasedalertingsystem\rulesbasedalertingsystem\rulesbasedalertingsystem\rulesbasedalertingsystem\x64\debug\rulesbas.e4983d53.tlog\lib-link.read.1.tlog
c:\users\320052453\desktop\rulesbasedalertingsystem\rulesbasedalertingsystem\rulesbasedalertingsystem\rulesbasedalertingsystem\x64\debug\rulesbas.e4983d53.tlog\lib-link.write.1.tlog
c:\users\320052453\desktop\rulesbasedalertingsystem\rulesbasedalertingsystem\rulesbasedalertingsystem\rulesbasedalertingsystem\x64\debug\rulesbas.e4983d53.tlog\lib.command.1.tlog
